DEBUG | 2019-01-22 21:57:33 | [main] lesson11_calc.Calculator
			(Calculator.java:13) -- input values a=5, b=2
INFO  | 2019-01-22 21:57:33 | [main] lesson11_calc.Calculator
			(Calculator.java:19) -- Method div return 2
DEBUG | 2019-01-22 21:57:33 | [main] lesson11_calc.Calculator
			(Calculator.java:13) -- input values a=3, b=0
ERROR | 2019-01-22 21:57:33 | [main] lesson11_calc.Calculator
			(Calculator.java:17) -- Exception when div working / by zero
INFO  | 2019-01-22 21:57:33 | [main] lesson11_calc.Calculator
			(Calculator.java:19) -- Method div return -666
DEBUG | 2019-01-22 21:57:53 | [main] lesson11_calc.Calculator (Calculator.java:13) -- input values a=5, b=2
INFO  | 2019-01-22 21:57:53 | [main] lesson11_calc.Calculator (Calculator.java:19) -- Method div return 2
DEBUG | 2019-01-22 21:57:53 | [main] lesson11_calc.Calculator (Calculator.java:13) -- input values a=3, b=0
ERROR | 2019-01-22 21:57:53 | [main] lesson11_calc.Calculator (Calculator.java:17) -- Exception when div working / by zero
INFO  | 2019-01-22 21:57:53 | [main] lesson11_calc.Calculator (Calculator.java:19) -- Method div return -666
ERROR | 2019-01-22 21:59:12 | [main] lesson11_calc.Calculator (Calculator.java:17) -- Exception when div working / by zero
| 2019-02-21 21:57:33 | DEBUG | at logging.LoggerProviders(LoggerProviders.java:158) | Logging Provider: org.jboss.logging.Log4j2LoggerProvider | 
| 2019-02-21 21:57:33 | DEBUG | at jpa.HibernatePersistenceProvider(HibernatePersistenceProvider.java:88) | Located and parsed 1 persistence units; checking each | 
| 2019-02-21 21:57:33 | DEBUG | at jpa.HibernatePersistenceProvider(HibernatePersistenceProvider.java:96) | Checking persistence-unit [name=PERSISTENCE, explicit-provider=org.eclipse.persistence.jpa.PersistenceProvider] against incoming persistence unit name [PERSISTENCE] | 
| 2019-02-21 21:57:33 | DEBUG | at spi.ProviderChecker(ProviderChecker.java:86) | Persistence-unit [PERSISTENCE] requested PersistenceProvider [org.eclipse.persistence.jpa.PersistenceProvider] | 
| 2019-02-21 21:57:33 | DEBUG | at jpa.HibernatePersistenceProvider(HibernatePersistenceProvider.java:111) | Excluding from consideration due to provider mis-match | 
| 2019-02-21 21:57:33 | DEBUG | at jpa.HibernatePersistenceProvider(HibernatePersistenceProvider.java:123) | Found no matching persistence units | 
| 2019-02-21 22:02:25 | DEBUG | at logging.LoggerProviders(LoggerProviders.java:158) | Logging Provider: org.jboss.logging.Log4j2LoggerProvider | 
| 2019-02-21 22:03:27 | DEBUG | at logging.LoggerProviders(LoggerProviders.java:158) | Logging Provider: org.jboss.logging.Log4j2LoggerProvider | 
| 2019-02-21 22:05:41 | DEBUG | at logging.LoggerProviders(LoggerProviders.java:158) | Logging Provider: org.jboss.logging.Log4j2LoggerProvider | 
| 2019-02-21 22:07:39 | DEBUG | at logging.LoggerProviders(LoggerProviders.java:158) | Logging Provider: org.jboss.logging.Log4j2LoggerProvider | 
| 2019-02-21 22:07:40 | DEBUG | at lesson_jpa.OrderDaoImpl(OrderDaoImpl.java:36) | persisting Order instance | 
| 2019-02-21 22:07:40 | DEBUG | at lesson_jpa.OrderDaoImpl(OrderDaoImpl.java:41) | persist successful | 
